<?xml version="1.0" encoding="UTF-8"?>
<!-- Generated by org.testng.reporters.JUnitXMLReporter -->
<testsuite ignored="0" hostname="CESIT-LAP-0135" failures="0" tests="4" name="Default test" time="21.857" errors="0" timestamp="2022-07-08T21:06:15 IST">
  <testcase classname="DVBDD.Runner" name="TestCase11_TestCase1_DashBoard" time="8.912"/>
  <testcase classname="DVBDD.Runner" name="TestCase11_TestCase2_Login" time="0.002"/>
  <testcase classname="DVBDD.Runner" name="TestCase11_TestCase3_Login" time="6.803"/>
  <testcase classname="DVBDD.Runner" name="TestCase12_TestCase1_DashBoard" time="6.101"/>
</testsuite> <!-- Default test -->
