<?xml version="1.0" encoding="UTF-8"?>
<testng-results ignored="0" total="2" passed="2" failed="0" skipped="0">
  <reporter-output>
    <line>
      <![CDATA[200]]>
    </line>
  </reporter-output>
  <suite started-at="2022-04-20T18:25:48 IST" name="Default suite" finished-at="2022-04-20T18:25:52 IST" duration-ms="4498">
    <groups>
    </groups>
    <test started-at="2022-04-20T18:25:48 IST" name="Default test" finished-at="2022-04-20T18:25:52 IST" duration-ms="4498">
      <class name="testCASE.demo">
        <test-method is-config="true" signature="initialize()[pri:0, instance:testCASE.demo@9cb8225]" started-at="2022-04-20T18:25:47 IST" name="initialize" finished-at="2022-04-20T18:25:48 IST" duration-ms="263" status="PASS">
          <reporter-output>
          </reporter-output>
        </test-method> <!-- initialize -->
        <test-method signature="demoAPI()[pri:0, instance:testCASE.demo@9cb8225]" started-at="2022-04-20T18:25:48 IST" name="demoAPI" finished-at="2022-04-20T18:25:50 IST" duration-ms="2174" status="PASS">
          <reporter-output>
            <line>
              <![CDATA[200]]>
            </line>
          </reporter-output>
        </test-method> <!-- demoAPI -->
        <test-method is-config="true" signature="quitBrowser(org.testng.ITestResult)[pri:0, instance:testCASE.demo@9cb8225]" started-at="2022-04-20T18:25:50 IST" name="quitBrowser" finished-at="2022-04-20T18:25:50 IST" duration-ms="1" status="PASS">
          <params>
            <param index="0">
              <value>
                <![CDATA[[TestResult name=demoAPI status=SUCCESS method=demo.demoAPI()[pri:0, instance:testCASE.demo@9cb8225] output=200]]]>
              </value>
            </param>
          </params>
          <reporter-output>
          </reporter-output>
        </test-method> <!-- quitBrowser -->
        <test-method signature="demoWEB()[pri:0, instance:testCASE.demo@9cb8225]" started-at="2022-04-20T18:25:50 IST" name="demoWEB" finished-at="2022-04-20T18:25:52 IST" duration-ms="2138" status="PASS">
          <reporter-output>
          </reporter-output>
        </test-method> <!-- demoWEB -->
        <test-method is-config="true" signature="quitBrowser(org.testng.ITestResult)[pri:0, instance:testCASE.demo@9cb8225]" started-at="2022-04-20T18:25:52 IST" name="quitBrowser" finished-at="2022-04-20T18:25:52 IST" duration-ms="153" status="PASS">
          <params>
            <param index="0">
              <value>
                <![CDATA[[TestResult name=demoWEB status=SUCCESS method=demo.demoWEB()[pri:0, instance:testCASE.demo@9cb8225] output={null}]]]>
              </value>
            </param>
          </params>
          <reporter-output>
          </reporter-output>
        </test-method> <!-- quitBrowser -->
        <test-method is-config="true" signature="tearDown()[pri:0, instance:testCASE.demo@9cb8225]" started-at="2022-04-20T18:25:52 IST" name="tearDown" finished-at="2022-04-20T18:25:52 IST" duration-ms="285" status="PASS">
          <reporter-output>
          </reporter-output>
        </test-method> <!-- tearDown -->
      </class> <!-- testCASE.demo -->
    </test> <!-- Default test -->
  </suite> <!-- Default suite -->
</testng-results>
