<?xml version="1.0" encoding="UTF-8"?>
<testng-results ignored="0" total="1" passed="1" failed="0" skipped="0">
  <reporter-output>
  </reporter-output>
  <suite started-at="2022-05-18T23:35:33 IST" name="Default suite" finished-at="2022-05-18T23:35:33 IST" duration-ms="80">
    <groups>
    </groups>
    <test started-at="2022-05-18T23:35:33 IST" name="Default test" finished-at="2022-05-18T23:35:33 IST" duration-ms="80">
      <class name="DVBDD.Runner">
        <test-method signature="test1()[pri:0, instance:DVBDD.Runner@5a7fe64f]" started-at="2022-05-18T23:35:33 IST" name="test1" finished-at="2022-05-18T23:35:33 IST" duration-ms="19" status="PASS">
          <reporter-output>
          </reporter-output>
        </test-method> <!-- test1 -->
      </class> <!-- DVBDD.Runner -->
    </test> <!-- Default test -->
  </suite> <!-- Default suite -->
</testng-results>
